












                             ******************************************************
                             * SUP0168 - RELACAO DE PESAGENS EFETUADAS NO PERIODO *
                             ******************************************************

                                      EMITIDO PELO USUARIO lspaz EM 15/12/2021 AS 09:41:56 HRS.

                                      PERIODO DE 13/12/2021 ATE 15/12/2021

                                      TICKETS DE        ATE       

                                      BALANCEIRO.....: daveleda DAILOR ARAUJO VELEDA          

                                      TURNO..........:                                     

                                      EMISSAO........: DETALHADO E RESUMO

                                      TIPO DE NOTA...: TODOS

                                      PLACAS.........: TODAS

                                      FORNECEDOR.....: TODOS

                                      FRETEIRO.......: TODOS




























 

TANAC S.A. RIO GRANDE               
SUP0168                                    RELACAO DE PESAGENS EFETUADAS DE 13/12/2021 A 15/12/2021                                                          FL.   2
(D)=Destino    (T)=Tipo Contrato                                                                                             EXTRAIDO EM 15/12/2021 AS 09:41:56 HRS.

FRETEIRO: DIVERSOS       
                                                                                                                                       ---DIFERENCA---            
ENTRADA          SAIDA            TICKET PLACA   NF.PRD   FORNECEDOR      FZ/CT. TRANSP ITEM                  QTD.NFP    QTD.C. PESO LIQ.   QUANT.  PCT(%) D T   PESO M.
---------------- ---------------- ------ ------- -------- --------------- ------ ------ ------------------- --------- --------- --------- -------- ------- - - ---------
01/12/2021 21:40 13/12/2021 00:16 607874 JAW9A42     6973 089387864003560  10314 090030 LENHA I AC.NEGRA        71,96     69,31    29,360    -2,65    3,68 E G     0,424
02/12/2021 22:42 13/12/2021 00:47 607875 IIX7G30     6974 089387864003560  10314 010835 LENHA I AC.NEGRA        59,40     57,65    26,220    -1,75    2,95 E G     0,455
03/12/2021 22:53 13/12/2021 01:33 607876 ITM8266     6975 089387864003560  10314 090030 LENHA I AC.NEGRA        70,26     70,14    33,340    -0,12    0,17 E G     0,475
04/12/2021 23:24 13/12/2021 02:03 607877 RFC9E62     6976 089387864003560  10314 004910 LENHA I AC.NEGRA        75,37     76,53    32,550     1,16    1,54 E G     0,425
05/12/2021 00:14 13/12/2021 02:52 607878 IRY0638     6977 089387864003560  10314 010835 LENHA I AC.NEGRA        63,22     62,88    25,450    -0,34    0,54 E G     0,405
13/12/2021 00:26 13/12/2021 03:53 607879 OBJ9E01     6978 089387864003560  10314 010835 LENHA I AC.NEGRA        70,57     67,32    30,290    -3,25    4,61 E G     0,450
13/12/2021 00:37 13/12/2021 04:16 607880 IMF0E06     6979 089387864003560  10314 010835 LENHA I AC.NEGRA        63,36     60,64    27,190    -2,72    4,29 E G     0,448
13/12/2021 02:26 13/12/2021 04:56 607881 ILR4E90     6980 089387864003560  10314 001881 LENHA I AC.NEGRA        65,73     63,53    28,300    -2,20    3,35 E G     0,445
13/12/2021 02:38 13/12/2021 05:33 607882 RNU9F36     6981 089387864003560  10314 004910 LENHA I AC.NEGRA        73,51     68,22    29,230    -5,29    7,20 E G     0,428
13/12/2021 03:07 13/12/2021 05:42 607883 CNR6H71     6982 089387864003560  10314 010835 LENHA I AC.NEGRA        64,41     64,67    28,050     0,26    0,40 E G     0,434
13/12/2021 03:23 13/12/2021 04:59 607884 IDA2A20   601054 86225              126 010835 EUCALIPTO CLONE SA      70,00     69,39    34,560    -0,61    0,87 E F     0,498
13/12/2021 04:32 13/12/2021 06:25 607886 ITM8266     6983 089387864003560  10314 090030 LENHA I AC.NEGRA        76,61     66,65    30,030    -9,96   13,00 E G     0,451
13/12/2021 05:54 13/12/2021 07:49 607887 IGI0H54     6984 089387864003560  10314 010835 LENHA I AC.NEGRA        62,04     60,87    26,670    -1,17    1,89 E G     0,438
13/12/2021 06:21 13/12/2021 08:56 607888 RNM1J00     6985 089387864003560  10314 004910 LENHA I AC.NEGRA        69,48     66,37    30,260    -3,11    4,48 E G     0,456
13/12/2021 07:28 13/12/2021 09:35 607889 ITM8267     6986 089387864003560  10314 090030 LENHA I AC.NEGRA        74,91     67,20    29,790    -7,71   10,29 E G     0,443
13/12/2021 07:45 13/12/2021 14:10 607890 IUG0646     6994 089387864003560  10314 090030 LENHA I AC.NEGRA        73,36     69,12    33,080    -4,24    5,78 E G     0,479
13/12/2021 08:00 13/12/2021 09:32 607891 JBF0I30     6994 091359711000102      9 013699 EUCALIPTO GRANDIS       75,16     75,57    33,990     0,41    0,55 E G     0,450
13/12/2021 08:07 13/12/2021 11:18 607892 IUZ0H30     6988 089387864003560  10314 010835 LENHA I AC.NEGRA        73,98     71,60    33,990    -2,38    3,22 E G     0,475
13/12/2021 08:11 13/12/2021 08:59 607893 ALB8099    23579 83832            39466        SERRAGEM PINUS          27,00     27,00    27,000     0,00    0,00 E F     1,000
13/12/2021 08:29 13/12/2021 11:48 607894 ALR5608     6989 089387864003560  10314 010835 LENHA I AC.NEGRA        64,94     61,36    26,090    -3,58    5,51 E G     0,425
13/12/2021 08:47 13/12/2021 12:21 607895 IIA7387     6990 089387864003560  10314 001881 LENHA I AC.NEGRA        65,47     62,34    27,800    -3,13    4,78 E G     0,446
13/12/2021 09:08 13/12/2021 12:51 607897 JAX0D58     6992 089387864003560  10314 090030 LENHA I AC.NEGRA        75,06     69,12    28,140    -5,94    7,91 E G     0,407
13/12/2021 09:27 13/12/2021 11:07 607898 ISE7C70   695523 70116              129 75295  EUCALIPTO GRANDIS       69,00     68,63    28,920    -0,37    0,54 E F     0,421
13/12/2021 09:48 13/12/2021 12:37 607899 GKC7D75     6991 089387864003560  10314 004910 LENHA I AC.NEGRA        63,22     59,99    26,250    -3,23    5,11 E G     0,438
13/12/2021 09:57 13/12/2021 11:21 607900 JZR6587 38027849 83801               68 033290 EUCALIPTO GRANDIS       70,00     60,74    31,580    -9,26   13,23 E F     0,520
13/12/2021 10:05 13/12/2021 10:33 607901 ITM8266     6987 089387864003560  10314 090030 LENHA I AC.NEGRA        75,37     69,89    31,050    -5,48    7,27 E G     0,444
13/12/2021 11:01 13/12/2021 13:57 607902 IQW0J59     6993 089387864003560  10314 001881 LENHA I AC.NEGRA        76,92     79,68    32,890     2,76    3,59 E G     0,413
13/12/2021 11:29 13/12/2021 14:45 607903 ITM8265     6996 089387864003560  10314 090030 LENHA I AC.NEGRA        75,99     72,95    28,290    -3,04    4,00 E G     0,388
13/12/2021 11:36 13/12/2021 14:48 607904 IZM2J27     6997 089387864003560  10314 004910 LENHA I AC.NEGRA        73,18     61,30    26,680   -11,88   16,23 E G     0,435
13/12/2021 11:54 13/12/2021 14:22 607905 MLK0D30     6995 089387864003560  10314 010835 LENHA I AC.NEGRA        77,39     75,74    34,720    -1,65    2,13 E G     0,458
13/12/2021 12:46 13/12/2021 14:58 607906 IVE6A96     5493 80176            10664 81512  LENHA I  AC 3,30 m      70,00     64,91    26,160    -5,09    7,27 E F     0,403
13/12/2021 12:58 13/12/2021 15:47 607907 ITM8267     6998 089387864003560  10314 090030 LENHA I AC.NEGRA        75,68     73,48    29,150    -2,20    2,91 E G     0,397
13/12/2021 13:05 13/12/2021 15:13 607908 ISG7D88     5502 80176            10664 81512  LENHA I  AC 3,30 m      62,00     65,10    27,240     3,10    5,00 E F     0,418
13/12/2021 13:13 13/12/2021 13:52 607909 IZV8D99     4384 83803               93 80176  EUCALIPTO SPP           70,00     82,66    37,700    12,66   18,09 E F     0,456
13/12/2021 13:19 13/12/2021 14:33 607910 IYD3019 38012047 83794               66 83794  EUCALIPTO DUNNII        70,00     71,70    38,150     1,70    2,43 E F     0,532
13/12/2021 13:36 13/12/2021 16:05 607911 FZW9D19     3802 089387864003307  10487 090030 LENHA I AC.NEGRA        77,86     75,18    34,440    -2,68    3,44 E G     0,458
13/12/2021 13:47 13/12/2021 15:50 607912 IWL1I66   668790 69394            10757 69394  LENHA I AC.NEGRA        80,00     89,91    37,490     9,91   12,39 E F     0,417
13/12/2021 14:03 13/12/2021 15:54 607913 BXG9E55     1816 089387864004028  10409 010835 LENHA I  AC 3,30 m      60,72     59,27    21,130    -1,45    2,39 E G     0,357
13/12/2021 14:08 13/12/2021 17:15 607915 RNO4E78     6999 089387864003560  10314 004910 LENHA I AC.NEGRA        73,82     69,11    29,140    -4,71    6,38 E G     0,422
13/12/2021 14:18 13/12/2021 17:50 607916 JAW9A42     3803 089387864003307  10487 090030 LENHA I AC.NEGRA        77,86     74,08    33,120    -3,78    4,85 E G     0,447
13/12/2021 14:30 13/12/2021 16:21 607938 IEP5824     1817 089387864004028  10409 010835 LENHA I  AC 3,30 m      59,20     60,06    21,440     0,86    1,45 E G     0,357
13/12/2021 14:42 13/12/2021 18:19 607941 RMI0H38     7001 089387864003560  10314 010466 LENHA I AC.NEGRA        74,13     73,12    29,870    -1,01    1,36 E G     0,409
13/12/2021 14:53 13/12/2021 16:48 607943 IUC1188     1820 089387864004028  10409 010835 LENHA I  AC 3,30 m      60,95     59,22    20,460    -1,73    2,84 E G     0,345
13/12/2021 15:26 13/12/2021 17:36 607945 MJD1I98     4024 80176            10664 66449  LENHA I AC.NEGRA        70,00     71,33    29,660     1,33    1,90 E F     0,416
13/12/2021 15:34 13/12/2021 18:15 607947 ILI8000     7000 089387864003560  10314 010835 LENHA I AC.NEGRA        62,70     76,41    29,730    13,71   21,87 E G     0,389
13/12/2021 15:41 13/12/2021 16:32 607948 IVB3624 37928531 73502               17 83125  EUCALIPTO GRANDIS       80,00     77,75    27,240    -2,25    2,81 E F     0,350
13/12/2021 16:03 13/12/2021 17:04 607949 JAS3H47 38011955 83794               66 83794  EUCALIPTO DUNNII        70,00     58,65    32,360   -11,35   16,21 E F     0,552
13/12/2021 16:12 13/12/2021 17:32 607950 JAC8J94 37929046 73502               17 73502  EUCALIPTO GRANDIS       80,00     77,69    26,330    -2,31    2,89 E F     0,339
13/12/2021 16:18 13/12/2021 18:05 607951 JAK9607 37663175 83794               66 83794  EUCALIPTO DUNNII        70,00     63,87    37,670    -6,13    8,76 E F     0,590
13/12/2021 16:29 13/12/2021 18:58 607952 IUG0646     3804 089387864003307  10487 090030 LENHA I AC.NEGRA        79,10     73,79    34,270    -5,31    6,71 E G     0,464
13/12/2021 16:40 13/12/2021 18:41 607953 ILA1266 38032369 83801               68 83801  EUCALIPTO GRANDIS       70,00     57,68    27,170   -12,32   17,60 E F     0,471
13/12/2021 16:45 13/12/2021 19:37 607955 ILR4E90     3805 089387864003307  10487 001881 LENHA I AC.NEGRA        67,18     63,83    32,150    -3,35    4,99 E G     0,504
13/12/2021 16:53 13/12/2021 19:22 607956 JAK5092 38011926 83794               66 83794  EUCALIPTO DUNNII        70,00     69,93    37,340    -0,07    0,10 E F     0,534
13/12/2021 16:59 13/12/2021 19:02 607957 IXI4E56  8032928 95005               42 95005  EUCALIPTO DUNNII        83,00     80,74    34,330    -2,26    2,72 E F     0,425
13/12/2021 17:12 13/12/2021 19:15 607958 IQV9C46     7002 089387864003560  10314 001881 LENHA I AC.NEGRA        79,10     75,99    33,930    -3,11    3,93 E G     0,447
13/12/2021 17:27 13/12/2021 20:08 607959 IRZ3170 38024025 73502               17 010264 EUCALIPTO GRANDIS       80,00     74,33    27,490    -5,67    7,09 E F     0,370
 

TANAC S.A. RIO GRANDE               
SUP0168                                    RELACAO DE PESAGENS EFETUADAS DE 13/12/2021 A 15/12/2021                                                          FL.   3
(D)=Destino    (T)=Tipo Contrato                                                                                             EXTRAIDO EM 15/12/2021 AS 09:41:57 HRS.

FRETEIRO: DIVERSOS       
                                                                                                                                       ---DIFERENCA---            
ENTRADA          SAIDA            TICKET PLACA   NF.PRD   FORNECEDOR      FZ/CT. TRANSP ITEM                  QTD.NFP    QTD.C. PESO LIQ.   QUANT.  PCT(%) D T   PESO M.
---------------- ---------------- ------ ------- -------- --------------- ------ ------ ------------------- --------- --------- --------- -------- ------- - - ---------
13/12/2021 17:47 13/12/2021 19:54 607960 ITM8266     3806 089387864003307  10487 090030 LENHA I AC.NEGRA        76,15     72,98    33,220    -3,17    4,16 E G     0,455
13/12/2021 18:01 13/12/2021 20:36 607961 RNU6D16 38014659 73502               94 004910 EUCALIPTO SPP           80,00     65,17    37,530   -14,83   18,54 E F     0,576
13/12/2021 18:28 13/12/2021 21:24 607963 RGA5G77 37964897 73502               94 010466 EUCALIPTO SPP           80,00     59,22    35,570   -20,78   25,98 E F     0,601
13/12/2021 18:37 13/12/2021 20:07 607964 IXH9248   510918 7564             10756 7564   LENHA I AC.NEGRA        70,00     72,53    25,410     2,53    3,61 E F     0,350
13/12/2021 18:48 13/12/2021 20:11 607965 IMA5572   194562 82958              122 022204 EUCALIPTO CLONE SA      68,00     69,11    34,500     1,11    1,63 E F     0,499
13/12/2021 18:55 13/12/2021 20:17 607966 ILK3131     1821 089387864004028  10409 010835 LENHA I  AC 3,30 m      84,90     76,37    28,650    -8,53   10,05 E G     0,375
13/12/2021 19:12 13/12/2021 21:45 607967 JAL5C19 37928392 73502               17 83125  EUCALIPTO GRANDIS       80,00     83,62    33,620     3,62    4,53 E F     0,402
13/12/2021 19:19 13/12/2021 20:46 607968 IKA1D13     7003 089387864003560  10314 001881 LENHA I AC.NEGRA        66,66     63,24    29,320    -3,42    5,13 E G     0,464
13/12/2021 19:30 13/12/2021 22:05 607969 JZR6587 38027827 83801               68 033290 EUCALIPTO GRANDIS       70,00     60,18    31,420    -9,82   14,03 E F     0,522
13/12/2021 19:35 13/12/2021 20:14 607970 MHL4D00    28365 83838            39475        SERRAGEM PINUS          20,00     20,00    20,000     0,00    0,00 E F     1,000
13/12/2021 19:45 13/12/2021 21:15 607971 JAK5C13     1823 089387864004028  10409 010835 LENHA I  AC 3,30 m      83,99     79,56    30,040    -4,43    5,27 E G     0,378
13/12/2021 19:50 13/12/2021 21:02 607972 IMF0E06     1822 089387864004028  10409 010835 LENHA I  AC 3,30 m      58,39     58,07    21,310    -0,32    0,55 E G     0,367
13/12/2021 20:20 13/12/2021 21:33 607974 ILU9F28     7004 089387864003560  10314 010835 LENHA I AC.NEGRA        66,13     61,01    29,810    -5,12    7,74 E G     0,489
13/12/2021 20:25 13/12/2021 22:50 607975 JAU4A90     7004 091359711000102      9 010835 LENHA I AC.NEGRA        80,35     78,79    34,820    -1,56    1,94 E G     0,442
13/12/2021 20:32 13/12/2021 23:29 607976 IUG1H57   592699 76655            10673        LENHA I AC.NEGRA        60,00     54,64    29,260    -5,36    8,93 E F     0,536
13/12/2021 20:43 13/12/2021 22:02 607977 RNM1J00     3807 089387864003307  10487 004910 LENHA I AC.NEGRA        78,17     72,70    35,440    -5,47    7,00 E G     0,487
13/12/2021 20:51 13/12/2021 22:23 607978 IIX7G30     7005 089387864003560  10314 010835 LENHA I AC.NEGRA        63,62     61,59    27,380    -2,03    3,19 E G     0,445
13/12/2021 20:54 13/12/2021 22:46 607979 MJY2H56     5853 80176            10664 80176  LENHA I  AC 3,30 m      70,00     65,22    27,280    -4,78    6,83 E F     0,418
13/12/2021 20:56 13/12/2021 23:10 607980 ILE2A41     5853 091359711000102      9 010835 LENHA I AC.NEGRA        63,64     68,64    26,770     5,00    7,86 E G     0,390
13/12/2021 20:59 14/12/2021 00:03 607981 ITM8267     3808 089387864003307  10487 090030 LENHA I AC.NEGRA        79,25     76,54    34,100    -2,71    3,42 E G     0,446
13/12/2021 21:01 13/12/2021 23:27 607982 IEG6I26     7006 089387864003560  10314 001881 LENHA I AC.NEGRA        62,43     64,99    28,820     2,56    4,10 E G     0,443
13/12/2021 21:07 13/12/2021 22:42 607983 RNO4F22 38015687 73502               94 004910 EUCALIPTO SPP           80,00     66,15    36,220   -13,85   17,31 E F     0,548
13/12/2021 21:09 14/12/2021 00:24 607984 ITM8265     7007 089387864003560  10314 090030 LENHA I AC.NEGRA        75,68     73,76    29,080    -1,92    2,54 E G     0,394
13/12/2021 21:12 14/12/2021 00:08 607985 IDQ1608     5398 80176            10664 80176  LENHA I  AC 3,30 m      70,00     66,89    27,220    -3,11    4,44 E F     0,407
13/12/2021 21:13 13/12/2021 23:50 607986 ICL4077     1824 089387864004028  10409 010835 LENHA I  AC 3,30 m      59,32     58,89    21,010    -0,43    0,72 E G     0,357
13/12/2021 21:18 13/12/2021 23:23 607987 IRQ0D00 37373716 73502               94 010835 EUCALIPTO SPP           80,00     55,20    34,540   -24,80   31,00 E F     0,626
13/12/2021 21:21 14/12/2021 00:46 607988 IUC3A25     5398 091359711000102      9 024385 LENHA I AC.NEGRA        84,93     85,22    34,260     0,29    0,34 E G     0,402
13/12/2021 21:27 14/12/2021 00:57 607989 MCI3C17     7008 089387864003560  10314 001881 LENHA I AC.NEGRA        66,66     63,74    27,400    -2,92    4,38 E G     0,430
13/12/2021 21:29 14/12/2021 00:41 607990 ITM9112     5425 80176            10664 80176  LENHA I  AC 3,30 m      70,00     63,02    25,050    -6,98    9,97 E F     0,397
13/12/2021 21:38 13/12/2021 23:47 607991 MBG8472 37373953 73502               94 010835 EUCALIPTO SPP           80,00     53,49    33,650   -26,51   33,14 E F     0,629
13/12/2021 21:42 13/12/2021 22:27 607992 MHL4D00    28366 83838            39475        SERRAGEM PINUS          20,00     20,00    20,000     0,00    0,00 E F     1,000
13/12/2021 21:51 14/12/2021 01:47 607993 AKT6A07     7009 089387864003560  10314 001881 LENHA I AC.NEGRA        65,34     61,90    28,370    -3,44    5,26 E G     0,458
13/12/2021 21:58 14/12/2021 00:28 607994 JAV9B09     4388 83803               93 83815  EUCALIPTO SPP           70,00     84,24    41,880    14,24   20,34 E F     0,497
13/12/2021 22:11 14/12/2021 01:17 607995 IKF9B94     1825 089387864004028  10409 010835 LENHA I  AC 3,30 m      80,34     75,37    27,080    -4,97    6,19 E G     0,359
13/12/2021 22:33 14/12/2021 02:05 607996 MAQ1F31     1827 089387864004028  10409 010835 LENHA I  AC 3,30 m      59,32     56,41    20,870    -2,91    4,91 E G     0,370
13/12/2021 22:39 14/12/2021 01:42 607997 OBJ9E01     1826 089387864004028  10409 010835 LENHA I  AC 3,30 m      74,13     70,34    25,680    -3,79    5,11 E G     0,365
13/12/2021 22:54 14/12/2021 02:07 607998 IRY0638     1828 089387864004028  10409 010835 LENHA I  AC 3,30 m      56,88     56,38    18,250    -0,50    0,88 E G     0,324
13/12/2021 23:00 14/12/2021 01:32 607999 IZC8F82 38015707 73502               94 004910 EUCALIPTO SPP           80,00     52,84    34,200   -27,16   33,95 E F     0,647
13/12/2021 23:06 14/12/2021 05:53 608000 ISB6I68 38015707 091359711000102      9 001881 EUCALIPTO GRANDIS       76,89     75,26    39,130    -1,63    2,12 E G     0,520
13/12/2021 23:18 14/12/2021 03:13 608001 INN7D67 37990463 73502               17 033290 EUCALIPTO GRANDIS       80,00     77,69    32,000    -2,31    2,89 E F     0,412
13/12/2021 23:36 14/12/2021 03:54 608002 KEZ6E17 37373890 73502               94 010835 EUCALIPTO SPP           80,00     50,10    32,040   -29,90   37,38 E F     0,640
13/12/2021 23:43 14/12/2021 04:19 608003 IND2416 37373831 73502               94 010835 EUCALIPTO SPP           80,00     52,29    31,230   -27,71   34,64 E F     0,597
14/12/2021 01:11 14/12/2021 03:08 608007 KXB1B03   478369 68940            10644        LENHA I AC.NEGRA        70,00     67,03    29,450    -2,97    4,24 E F     0,439
14/12/2021 01:28 14/12/2021 03:38 608008 IUG0646     3809 089387864003307  10487 090030 LENHA I AC.NEGRA        79,10     71,10    33,660    -8,00   10,11 E G     0,473
14/12/2021 01:39 14/12/2021 04:15 608009 IJM9B90     1829 089387864004028  10409 010835 LENHA I  AC 3,30 m      88,25     78,20    28,110   -10,05   11,39 E G     0,359
14/12/2021 02:02 14/12/2021 04:05 608010 IRY4700   988185 68940            10644        LENHA I AC.NEGRA        70,00     76,11    29,300     6,11    8,73 E F     0,385
14/12/2021 02:05 14/12/2021 02:27 608011 IMG7542 37373831 091359711000102      9 010835 LENHA I AC.NEGRA        61,81     61,49    21,870    -0,32    0,52 E G     0,356
14/12/2021 02:13 14/12/2021 04:29 608013 ILC6B13   988185 091359711000102      9 010835 LENHA I AC.NEGRA        65,47     62,51    26,640    -2,96    4,52 E G     0,426
14/12/2021 02:22 14/12/2021 05:09 608014 ITM8266     3810 089387864003307  10487 090030 LENHA I AC.NEGRA        81,89     78,18    33,520    -3,71    4,53 E G     0,429
14/12/2021 02:33 14/12/2021 05:21 608015 ICJ8G05     3810 091359711000102      9 010835 LENHA I AC.NEGRA        62,12     59,20    25,350    -2,92    4,70 E G     0,428
14/12/2021 03:04 14/12/2021 05:31 608016 RNP7C87 38015806 73502               94 004910 EUCALIPTO SPP           80,00     65,08    37,040   -14,92   18,65 E F     0,569
14/12/2021 03:18 14/12/2021 04:48 608017 IOH0269     4390 83803               93 010264 EUCALIPTO SPP           70,00     63,47    30,820    -6,53    9,33 E F     0,486
14/12/2021 03:26 14/12/2021 06:19 608018 ATP1F82 38047945 73502              107 83125  EUCALIPTO CLONE SA      80,00     78,05    31,170    -1,95    2,44 E F     0,399
14/12/2021 03:32 14/12/2021 06:24 608019 IZI6A67 38033167 95005               42 95005  EUCALIPTO DUNNII        83,00     68,88    38,470   -14,12   17,01 E F     0,559
14/12/2021 03:42 14/12/2021 05:48 608020 AKD2E21 38033167 091359711000102      9 010835 LENHA I AC.NEGRA        63,34     62,81    22,950    -0,53    0,84 E G     0,365
14/12/2021 03:42 14/12/2021 06:16 608021 IGI0H54     7010 089387864003560  10314 010835 LENHA I AC.NEGRA        64,15     60,22    27,680    -3,93    6,13 E G     0,460
 

TANAC S.A. RIO GRANDE               
SUP0168                                    RELACAO DE PESAGENS EFETUADAS DE 13/12/2021 A 15/12/2021                                                          FL.   4
(D)=Destino    (T)=Tipo Contrato                                                                                             EXTRAIDO EM 15/12/2021 AS 09:41:57 HRS.

FRETEIRO: DIVERSOS       
                                                                                                                                       ---DIFERENCA---            
ENTRADA          SAIDA            TICKET PLACA   NF.PRD   FORNECEDOR      FZ/CT. TRANSP ITEM                  QTD.NFP    QTD.C. PESO LIQ.   QUANT.  PCT(%) D T   PESO M.
---------------- ---------------- ------ ------- -------- --------------- ------ ------ ------------------- --------- --------- --------- -------- ------- - - ---------
14/12/2021 03:51 14/12/2021 06:43 608022 MJK6G80     7011 089387864003560  10314 010835 LENHA I AC.NEGRA        74,75     74,87    33,690     0,12    0,16 E G     0,450
14/12/2021 04:02 14/12/2021 07:26 608025 JBY0I40     7012 089387864003560  10314 013699 LENHA I AC.NEGRA        69,17     66,55    30,450    -2,62    3,79 E G     0,458
14/12/2021 04:25 14/12/2021 07:55 608026 JBH0540     7013 089387864003560  10314 013699 LENHA I AC.NEGRA        73,05     69,40    32,270    -3,65    5,00 E G     0,465
14/12/2021 04:37 14/12/2021 08:25 608027 JAU4A90     1830 089387864004028  10409 010835 LENHA I  AC 3,30 m      78,79     71,22    22,630    -7,57    9,61 E G     0,318
14/12/2021 04:45 14/12/2021 08:35 608028 JBJ0540     7014 089387864003560  10314 013699 LENHA I AC.NEGRA        70,88     70,21    32,240    -0,67    0,95 E G     0,459
14/12/2021 04:56 14/12/2021 08:52 608029 ITM8265     7015 089387864003560  10314 090030 LENHA I AC.NEGRA        75,53     74,36    30,190    -1,17    1,55 E G     0,406
14/12/2021 05:06 14/12/2021 09:43 608030 ITM8267     3811 089387864003307  10487 090030 LENHA I AC.NEGRA        82,05     72,99    33,490    -9,06   11,04 E G     0,459
14/12/2021 05:17 14/12/2021 10:00 608031 IOQ5C61     7016 089387864003560  10314 001881 LENHA I AC.NEGRA        62,56     60,41    27,080    -2,15    3,44 E G     0,448
14/12/2021 05:28 14/12/2021 07:19 608032 IYD3019 38011854 83794               66 83794  EUCALIPTO DUNNII        70,00     71,56    43,660     1,56    2,23 E F     0,610
14/12/2021 05:43 14/12/2021 08:21 608033 JAA8F25 38032988 95005               42 95005  EUCALIPTO DUNNII        83,00     42,53    17,350   -40,47   48,76 E F     0,408
14/12/2021 05:43 14/12/2021 08:21 608033 JAA8F25 38032988 95005               42 95005  EUCALIPTO DUNNII        83,00     32,66    16,380   -50,34   60,65 E F     0,502
14/12/2021 06:01 14/12/2021 08:15 608034 RNO4F17 38015176 73502               94 004910 EUCALIPTO SPP           80,00     62,28    36,960   -17,72   22,15 E F     0,593
14/12/2021 06:12 14/12/2021 06:55 608036 IVF1698 38021483 73502               17 83125  EUCALIPTO GRANDIS       80,00     76,82    31,300    -3,18    3,98 E F     0,407
14/12/2021 06:33 14/12/2021 07:22 608037 ECM4564 38048432 73502              107 83801  EUCALIPTO CLONE SA      80,00     74,69    29,020    -5,31    6,64 E F     0,389
14/12/2021 06:40 14/12/2021 07:35 608038 IVB3736 38035620 73502               17 83125  EUCALIPTO GRANDIS       80,00     84,38    36,370     4,38    5,48 E F     0,431
14/12/2021 06:52 14/12/2021 10:38 608040 IZP4E38 38035620 091359711000102      9 010835 LENHA I AC.NEGRA        85,63     82,20    36,230    -3,43    4,01 E G     0,441
14/12/2021 07:05 14/12/2021 09:33 608041 IIJ5584 37373996 73502               94 010835 EUCALIPTO SPP           80,00     76,59    45,830    -3,41    4,26 E F     0,598
14/12/2021 07:13 14/12/2021 10:18 608042 IZQ9A62     4387 83803               93 80176  EUCALIPTO SPP           70,00     85,43    42,050    15,43   22,04 E F     0,492
14/12/2021 07:31 14/12/2021 10:42 608043 ILY6E73 38033116 95005               42 95005  EUCALIPTO DUNNII        83,00     54,99    30,000   -28,01   33,75 E F     0,546
14/12/2021 08:11 14/12/2021 09:08 608044 JAL3E58 38027883 83801               68 83801  EUCALIPTO GRANDIS       70,00     70,83    37,260     0,83    1,19 E F     0,526
14/12/2021 08:32 14/12/2021 11:07 608045 RNU9F36 38015752 73502               94 004910 EUCALIPTO SPP           80,00     63,90    37,270   -16,10   20,13 E F     0,583
14/12/2021 08:42 14/12/2021 11:03 608046 RNU9F30     7017 089387864003560  10314 004910 LENHA I AC.NEGRA        75,06     73,76    31,210    -1,30    1,73 E G     0,423
14/12/2021 08:52 14/12/2021 12:02 608047 JAW7C67     4385 83803               93 83803  EUCALIPTO SPP           70,00     81,72    43,360    11,72   16,74 E F     0,531
14/12/2021 09:03 14/12/2021 12:29 608048 IXI2F42     4354 83803               93 83803  EUCALIPTO SPP           70,00     74,59    38,740     4,59    6,56 E F     0,519
14/12/2021 09:13 14/12/2021 09:14 608049 ALB8099    23585 83832            39466        SERRAGEM PINUS          27,00     27,00    27,000     0,00    0,00 E F     1,000
14/12/2021 09:23 14/12/2021 11:40 608050 JAK0H60    23585 091359711000102      9 010835 LENHA I AC.NEGRA        80,31     79,07    33,040    -1,24    1,54 E G     0,418
14/12/2021 09:30 14/12/2021 10:03 608051 IOU8542    23587 83832            39466        SERRAGEM PINUS          27,00     27,00    27,000     0,00    0,00 E F     1,000
14/12/2021 10:24 14/12/2021 10:25 608052 IMG7542    23587 091359711000102      9 010835 EUCALIPTO GRANDIS       55,01     55,66    29,480     0,65    1,18 E G     0,530
14/12/2021 10:39 14/12/2021 10:40 608053 ILE2A41    23587 091359711000102      9 010835 LENHA I AC.NEGRA        65,16     68,38    28,770     3,22    4,94 E G     0,421
14/12/2021 10:52 14/12/2021 12:09 608054 ITM8266     7019 089387864003560  10314 090030 LENHA I AC.NEGRA        76,92     74,65    30,660    -2,27    2,95 E G     0,411
14/12/2021 10:59 14/12/2021 13:50 608055 JAA6H53     4383 83803               93 80176  EUCALIPTO SPP           70,00     78,96    36,900     8,96   12,80 E F     0,467
14/12/2021 11:17 14/12/2021 14:25 608056 JDA0F40 38048406 73502              107 83801  EUCALIPTO CLONE SA      80,00     71,45    29,740    -8,55   10,69 E F     0,416
14/12/2021 11:25 14/12/2021 12:38 608057 ITM8268     3812 089387864003307  10487 090030 LENHA I AC.NEGRA        80,34     75,71    34,840    -4,63    5,76 E G     0,460
14/12/2021 11:35 14/12/2021 14:10 608058 RNP7C56 38015127 73502               94 004910 EUCALIPTO SPP           80,00     65,56    37,460   -14,44   18,05 E F     0,571
14/12/2021 11:58 14/12/2021 13:16 608060 ITM8265     3813 089387864003307  10487 090030 LENHA I AC.NEGRA        76,92     72,15    35,010    -4,77    6,20 E G     0,485
14/12/2021 12:49 14/12/2021 13:46 608061 ITM8267     7020 089387864003560  10314 090030 LENHA I AC.NEGRA        75,53     71,93    29,330    -3,60    4,77 E G     0,408
14/12/2021 12:55 14/12/2021 14:14 608062 ALK9B26     7021 089387864003560  10314 001881 LENHA I AC.NEGRA        61,51     60,55    26,240    -0,96    1,56 E G     0,433
14/12/2021 13:05 14/12/2021 14:44 608063 ISE7C70   695524 70116              129 75295  EUCALIPTO GRANDIS       60,00     57,69    26,880    -2,31    3,85 E F     0,466
14/12/2021 13:13 14/12/2021 15:07 608064 JAX4I87     4389 83803               93 83803  EUCALIPTO SPP           70,00     86,64    41,000    16,64   23,77 E F     0,473
14/12/2021 13:27 14/12/2021 15:40 608065 IDA2A20   601055 86225              126 010835 EUCALIPTO CLONE SA      70,00     68,88    34,680    -1,12    1,60 E F     0,503
14/12/2021 13:34 14/12/2021 14:42 608066 JAU4A90     1841 089387864004028  10409 010835 LENHA I  AC 3,30 m      76,92     70,48    21,590    -6,44    8,37 E G     0,306
14/12/2021 13:41 14/12/2021 16:11 608068 RNP7C54 38015098 73502               94 004910 EUCALIPTO SPP           80,00     63,21    36,950   -16,79   20,99 E F     0,585
14/12/2021 13:57 14/12/2021 15:03 608069 IVE6A96     5494 80176            10664 81512  LENHA I  AC 3,30 m      70,00     65,26    29,970    -4,74    6,77 E F     0,459
14/12/2021 14:05 14/12/2021 15:38 608070 ISG7D88     5503 80176            10664 81512  LENHA I  AC 3,30 m      62,00     64,63    29,060     2,63    4,24 E F     0,450
14/12/2021 14:22 14/12/2021 16:51 608071 IUG0646     3814 089387864003307  10487 090030 LENHA I AC.NEGRA        78,63     72,99    32,980    -5,64    7,17 E G     0,452
14/12/2021 14:30 14/12/2021 17:11 608073 AEB4H27     1858 089387864004028  10409 010835 LENHA I  AC 3,30 m      58,04     56,92    21,220    -1,12    1,93 E G     0,373
14/12/2021 14:41 14/12/2021 17:00 608074 ILL9B61     1857 089387864004028  10409 010835 LENHA I  AC 3,30 m      59,67     58,94    22,410    -0,73    1,22 E G     0,380
14/12/2021 14:50 14/12/2021 16:19 608075 JAS3H47 38011884 83794               66 83794  EUCALIPTO DUNNII        70,00     55,05    32,250   -14,95   21,36 E F     0,586
14/12/2021 14:58 14/12/2021 17:23 608093 ALR5608     1859 089387864004028  10409 010835 LENHA I  AC 3,30 m      57,34     57,67    20,490     0,33    0,58 E G     0,355
14/12/2021 15:14 14/12/2021 16:32 608110 JAX4I80     4392 83803               93 83803  EUCALIPTO SPP           70,00     84,68    37,560    14,68   20,97 E F     0,444
14/12/2021 15:21 14/12/2021 17:54 608112 IOQ6J15     1860 089387864004028  10409 010835 LENHA I  AC 3,30 m      81,58     80,30    31,340    -1,28    1,57 E G     0,390
14/12/2021 15:28 14/12/2021 18:13 608113 IVN3016     1860 091359711000102      9 010835 LENHA I AC.NEGRA        61,86     64,15    30,800     2,29    3,70 E G     0,480
14/12/2021 15:34 14/12/2021 16:57 608116 JAS1B54     1860 091359711000102      9 010835 EUCALIPTO GRANDIS       71,28     70,38    36,770    -0,90    1,26 E G     0,522
14/12/2021 15:36 14/12/2021 15:36 608117 MHL4D00    28385 83838            39475        SERRAGEM PINUS          20,00     20,00    20,000     0,00    0,00 E F     1,000
14/12/2021 15:45 14/12/2021 19:08 608118 BXG9E55     1862 089387864004028  10409 010835 LENHA I  AC 3,30 m      60,48     59,92    22,730    -0,56    0,93 E G     0,379
14/12/2021 15:53 14/12/2021 18:38 608119 ITQ4501     1861 089387864004028  10409 010835 LENHA I  AC 3,30 m      76,46     79,15    31,160     2,69    3,52 E G     0,394
 

TANAC S.A. RIO GRANDE               
SUP0168                                    RELACAO DE PESAGENS EFETUADAS DE 13/12/2021 A 15/12/2021                                                          FL.   5
(D)=Destino    (T)=Tipo Contrato                                                                                             EXTRAIDO EM 15/12/2021 AS 09:41:57 HRS.

FRETEIRO: DIVERSOS       
                                                                                                                                       ---DIFERENCA---            
ENTRADA          SAIDA            TICKET PLACA   NF.PRD   FORNECEDOR      FZ/CT. TRANSP ITEM                  QTD.NFP    QTD.C. PESO LIQ.   QUANT.  PCT(%) D T   PESO M.
---------------- ---------------- ------ ------- -------- --------------- ------ ------ ------------------- --------- --------- --------- -------- ------- - - ---------
14/12/2021 15:59 14/12/2021 19:36 608120 IKF9B94     1863 089387864004028  10409 010835 LENHA I  AC 3,30 m      80,80     75,24    29,800    -5,56    6,88 E G     0,396
14/12/2021 16:16 14/12/2021 19:24 608124 MHB0F10     1863 091359711000102      9 010835 LENHA I AC.NEGRA        65,06     65,56    31,560     0,50    0,77 E G     0,481
14/12/2021 16:26 14/12/2021 20:06 608125 ITM8266     3815 089387864003307  10487 090030 LENHA I AC.NEGRA        77,39     74,08    36,740    -3,31    4,28 E G     0,496
14/12/2021 16:37 14/12/2021 20:41 608126 IVZ5G37     3815 091359711000102      9 010835 LENHA I AC.NEGRA        81,01     83,64    36,710     2,63    3,25 E G     0,439
14/12/2021 17:31 15/12/2021 00:02 608127 ITM8267     3817 089387864003307  10487 090030 LENHA I AC.NEGRA        78,94     71,87    36,640    -7,07    8,96 E G     0,510
14/12/2021 17:51 14/12/2021 20:26 608133 IKJ5181     1864 089387864004028  10409 010835 LENHA I  AC 3,30 m      87,63     74,71    22,720   -12,92   14,74 E G     0,304
14/12/2021 18:01 14/12/2021 23:58 608137 JAK0H60     1865 089387864004028  10409 010835 LENHA I  AC 3,30 m      81,11     68,36    21,220   -12,75   15,72 E G     0,310
14/12/2021 18:07 15/12/2021 00:01 608138 ITM8265     3816 089387864003307  10487 090030 LENHA I AC.NEGRA        77,24     75,33    37,480    -1,91    2,47 E G     0,498
14/12/2021 18:33 14/12/2021 23:59 608139 JAU4A90     1866 089387864004028  10409 010835 LENHA I  AC 3,30 m      80,96     70,86    20,340   -10,10   12,48 E G     0,287
14/12/2021 18:46 14/12/2021 23:55 608140 IVG1A52     1864 091359711000102      9 010835 LENHA I AC.NEGRA        81,32     77,86    36,630    -3,46    4,25 E G     0,470
14/12/2021 19:31 14/12/2021 23:53 608141 IKT8466     1864 091359711000102      9 010835 LENHA I AC.NEGRA        65,47     64,03    25,230    -1,44    2,20 E G     0,394
14/12/2021 19:45 14/12/2021 23:56 608142 OZO0C35     1864 091359711000102      9 010835 EUCALIPTO GRANDIS       76,63     74,76    36,640    -1,87    2,44 E G     0,490
15/12/2021 00:10 15/12/2021 00:11 608148 JAS1B54     1867 089387864004028  10409 010835 LENHA I  AC 3,30 m      58,27     72,43    22,370    14,16   24,30 E G     0,309
15/12/2021 00:14 15/12/2021 01:40 608149 IUC3A25     1867 091359711000102      9 024385 LENHA I AC.NEGRA        83,98     81,10    34,220    -2,88    3,43 E G     0,422
15/12/2021 00:44 15/12/2021 00:45 608150 IXN5822     4391 83803               93 83803  EUCALIPTO SPP           70,00     80,52    35,930    10,52   15,03 E F     0,446
15/12/2021 00:52 15/12/2021 02:06 608151 IZI6A67 38076274 95005               42 95005  EUCALIPTO DUNNII        83,00     70,04    41,320   -12,96   15,61 E F     0,590
15/12/2021 00:57 15/12/2021 01:33 608152 IXI4E56 38076187 95005               42 95005  EUCALIPTO DUNNII        83,00     77,20    42,240    -5,80    6,99 E F     0,547
15/12/2021 01:01 15/12/2021 01:02 608154 IZV8D61     4369 83803               93 80176  EUCALIPTO SPP           70,00     78,65    37,780     8,65   12,36 E F     0,480
15/12/2021 01:08 15/12/2021 01:08 608155 IDQ1608     5399 80176            10664 80176  LENHA I  AC 3,30 m      70,00     63,84    27,740    -6,16    8,80 E F     0,435
15/12/2021 01:11 15/12/2021 03:43 608156 IKJ5181     1869 089387864004028  10409 010835 LENHA I  AC 3,30 m      58,27     69,98    21,180    11,71   20,10 E G     0,303
15/12/2021 01:18 15/12/2021 02:16 608157 MBG8472     1869 091359711000102      9 010835 LENHA I AC.NEGRA        73,68     71,35    29,320    -2,33    3,16 E G     0,411
15/12/2021 01:22 15/12/2021 07:44 608158 IOQ5C61     1869 091359711000102      9 001881 EUCALIPTO GRANDIS       60,84     58,29    29,390    -2,55    4,19 E G     0,504
15/12/2021 01:28 15/12/2021 02:44 608159 IVZ5G37     1868 089387864004028  10409 010835 LENHA I  AC 3,30 m      60,02     72,35    22,060    12,33   20,54 E G     0,305
15/12/2021 02:01 15/12/2021 03:35 608160 MJY2H56     5854 80176            10664 80176  LENHA I  AC 3,30 m      70,00     60,24    32,260    -9,76   13,94 E F     0,536
15/12/2021 02:13 15/12/2021 04:28 608161 ILD1B97     5290 80176            10664 010264 LENHA I  AC 3,30 m      70,00     55,72    28,400   -14,28   20,40 E F     0,510
15/12/2021 02:39 15/12/2021 04:42 608162 RFC9E62 38015035 73502               94 004910 EUCALIPTO SPP           80,00     67,64    36,050   -12,36   15,45 E F     0,533
15/12/2021 03:23 15/12/2021 04:25 608163 JAK0H60     1870 089387864004028  10409 010835 LENHA I  AC 3,30 m      79,87     64,77    20,700   -15,10   18,91 E G     0,320
15/12/2021 04:05 15/12/2021 05:10 608164 JAU4A90     1871 089387864004028  10409 010835 LENHA I  AC 3,30 m      57,92     69,38    23,890    11,46   19,79 E G     0,344
15/12/2021 05:29 15/12/2021 06:13 608165 AKD2E21     1871 091359711000102      9 010835 LENHA I AC.NEGRA        65,43     64,61    27,960    -0,82    1,25 E G     0,433
15/12/2021 06:41 15/12/2021 07:02 608166 ISM2640    28387 83838            39475        SERRAGEM PINUS          20,00     20,00    20,000     0,00    0,00 E F     1,000
15/12/2021 07:51 15/12/2021 08:45 608167 JAK3C35    28387 091359711000102      9 010835 LENHA I AC.NEGRA        82,84     80,34    34,050    -2,50    3,02 E G     0,424
15/12/2021 07:56 15/12/2021 09:32 608168 JAK8A02    28387 091359711000102      9 010835 LENHA I AC.NEGRA        81,45     77,86    28,910    -3,59    4,41 E G     0,371
15/12/2021 08:13 15/12/2021 08:14 608169 ALB8099    23596 83832            39466        SERRAGEM PINUS          27,00     27,00    27,000     0,00    0,00 E F     1,000
15/12/2021 08:23 15/12/2021 09:24 608170 IKJ5181     1872 089387864004028  10409 010835 LENHA I  AC 3,30 m      60,48     67,39    21,630     6,91   11,43 E G     0,321
15/12/2021 08:41 1          2     608171 GKC7D75 38014708 73502               94 004910 EUCALIPTO SPP           80,00     50,06    50,420   -29,94   37,43 E F     1,007
15/12/2021 08:52 1          3     608172 IZC8E51 38015057 73502               94 004910 EUCALIPTO SPP           80,00     51,28    58,280   -28,72   35,90 E F     1,137
15/12/2021 08:56 1          3     608173 JAS1B54 38015057 089387864000383  10491 010835 LENHA I  AC 3,30 m      85,53     69,68    44,690   -15,85   18,53 E G     0,641
                                                                                                            --------- --------- ---------                      ---------
                                                    TOTAL GERAL: CAMINHOES:   205                            14492,04  13703,84  6286,220                          0,459

         ITEM              DESCRICAO           TOTAL NFP/ITEM  TOTAL CALC/ITEM TOTAL PESO/ITEM
         ----------------  ------------------  --------------  --------------  ---------------
         151520.000        LENHA I AC.NEGRA          6.489,70        6.294,18         2756,510
         151520.002        LENHA I  AC 3,30 m        2.850,53        2.732,72         1028,580
         154530.000        EUCALIPTO DUNNII          1.001,00          817,80          441,520
         155530.000        EUCALIPTO GRANDIS         1.384,81        1.337,95          602,980
         156532.000        EUCALIPTO CLONE SA          448,00          431,57          193,670
         157530.000        EUCALIPTO SPP             2.130,00        1.901,62         1074,960
         170000.000        SERRAGEM PINUS              188,00          188,00          188,000







* * * ULTIMA FOLHA * * *

